<?xml version="1.0" encoding="UTF-8"?>
<testsuite name="com.study.query_dsl_study.QuerydslBasicTest" tests="1" skipped="0" failures="0" errors="0" timestamp="2024-08-19T02:47:22" hostname="zephyrui-MacBookPro.local" time="0.504">
  <properties/>
  <testcase name="join()" classname="com.study.query_dsl_study.QuerydslBasicTest" time="0.504"/>
  <system-out><![CDATA[11:47:20.577 [Test worker] INFO org.springframework.test.context.support.AnnotationConfigContextLoaderUtils -- Could not detect default configuration classes for test class [com.study.query_dsl_study.QuerydslBasicTest]: QuerydslBasicTest does not declare any static, non-private, non-final, nested classes annotated with @Configuration.
11:47:20.614 [Test worker] INFO org.springframework.boot.test.context.SpringBootTestContextBootstrapper -- Found @SpringBootConfiguration com.study.query_dsl_study.QueryDslStudyApplication for test class com.study.query_dsl_study.QuerydslBasicTest

  .   ____          _            __ _ _
 /\\ / ___'_ __ _ _(_)_ __  __ _ \ \ \ \
( ( )\___ | '_ | '_| | '_ \/ _` | \ \ \ \
 \\/  ___)| |_)| | | | | || (_| |  ) ) ) )
  '  |____| .__|_| |_|_| |_\__, | / / / /
 =========|_|==============|___/=/_/_/_/

 :: Spring Boot ::                (v3.3.2)

2024-08-19T11:47:20.779+09:00  INFO 11272 --- [    Test worker] c.s.query_dsl_study.QuerydslBasicTest    : Starting QuerydslBasicTest using Java 17.0.9 with PID 11272 (started by zephyr in /Users/zephyr/Desktop/project/study/query-dsl-study)
2024-08-19T11:47:20.780+09:00  INFO 11272 --- [    Test worker] c.s.query_dsl_study.QuerydslBasicTest    : No active profile set, falling back to 1 default profile: "default"
2024-08-19T11:47:21.021+09:00  INFO 11272 --- [    Test worker] .s.d.r.c.RepositoryConfigurationDelegate : Bootstrapping Spring Data JPA repositories in DEFAULT mode.
2024-08-19T11:47:21.030+09:00  INFO 11272 --- [    Test worker] .s.d.r.c.RepositoryConfigurationDelegate : Finished Spring Data repository scanning in 5 ms. Found 0 JPA repository interfaces.
2024-08-19T11:47:21.227+09:00  INFO 11272 --- [    Test worker] o.hibernate.jpa.internal.util.LogHelper  : HHH000204: Processing PersistenceUnitInfo [name: default]
2024-08-19T11:47:21.250+09:00  INFO 11272 --- [    Test worker] org.hibernate.Version                    : HHH000412: Hibernate ORM core version 6.5.2.Final
2024-08-19T11:47:21.262+09:00  INFO 11272 --- [    Test worker] o.h.c.internal.RegionFactoryInitiator    : HHH000026: Second-level cache disabled
2024-08-19T11:47:21.377+09:00  INFO 11272 --- [    Test worker] o.s.o.j.p.SpringPersistenceUnitInfo      : No LoadTimeWeaver setup: ignoring JPA class transformer
2024-08-19T11:47:21.387+09:00  INFO 11272 --- [    Test worker] com.zaxxer.hikari.HikariDataSource       : HikariPool-1 - Starting...
2024-08-19T11:47:21.458+09:00  INFO 11272 --- [    Test worker] com.zaxxer.hikari.pool.HikariPool        : HikariPool-1 - Added connection conn0: url=jdbc:h2:mem:querydsl user=SA
2024-08-19T11:47:21.459+09:00  INFO 11272 --- [    Test worker] com.zaxxer.hikari.HikariDataSource       : HikariPool-1 - Start completed.
2024-08-19T11:47:21.844+09:00  INFO 11272 --- [    Test worker] o.h.e.t.j.p.i.JtaPlatformInitiator       : HHH000489: No JTA platform available (set 'hibernate.transaction.jta.platform' to enable JTA platform integration)
2024-08-19T11:47:21.850+09:00 DEBUG 11272 --- [    Test worker] org.hibernate.SQL                        : 
    drop table if exists hello cascade 
Hibernate: 
    drop table if exists hello cascade 
2024-08-19T11:47:21.852+09:00  INFO 11272 --- [    Test worker] p6spy                                    : #1724035641852 | took 0ms | statement | connection 1| url jdbc:h2:mem:querydsl

    drop table if exists hello cascade 

    drop table if exists hello cascade ;
2024-08-19T11:47:21.852+09:00 DEBUG 11272 --- [    Test worker] org.hibernate.SQL                        : 
    drop table if exists member cascade 
Hibernate: 
    drop table if exists member cascade 
2024-08-19T11:47:21.852+09:00  INFO 11272 --- [    Test worker] p6spy                                    : #1724035641852 | took 0ms | statement | connection 1| url jdbc:h2:mem:querydsl

    drop table if exists member cascade 

    drop table if exists member cascade ;
2024-08-19T11:47:21.853+09:00 DEBUG 11272 --- [    Test worker] org.hibernate.SQL                        : 
    drop table if exists team cascade 
Hibernate: 
    drop table if exists team cascade 
2024-08-19T11:47:21.853+09:00  INFO 11272 --- [    Test worker] p6spy                                    : #1724035641853 | took 0ms | statement | connection 1| url jdbc:h2:mem:querydsl

    drop table if exists team cascade 

    drop table if exists team cascade ;
2024-08-19T11:47:21.853+09:00 DEBUG 11272 --- [    Test worker] org.hibernate.SQL                        : 
    drop sequence if exists member_seq
Hibernate: 
    drop sequence if exists member_seq
2024-08-19T11:47:21.853+09:00  INFO 11272 --- [    Test worker] p6spy                                    : #1724035641853 | took 0ms | statement | connection 1| url jdbc:h2:mem:querydsl

    drop sequence if exists member_seq

    drop sequence if exists member_seq;
2024-08-19T11:47:21.853+09:00 DEBUG 11272 --- [    Test worker] org.hibernate.SQL                        : 
    drop sequence if exists team_seq
Hibernate: 
    drop sequence if exists team_seq
2024-08-19T11:47:21.853+09:00  INFO 11272 --- [    Test worker] p6spy                                    : #1724035641853 | took 0ms | statement | connection 1| url jdbc:h2:mem:querydsl

    drop sequence if exists team_seq

    drop sequence if exists team_seq;
2024-08-19T11:47:21.856+09:00 DEBUG 11272 --- [    Test worker] org.hibernate.SQL                        : 
    create sequence member_seq start with 1 increment by 50
Hibernate: 
    create sequence member_seq start with 1 increment by 50
2024-08-19T11:47:21.858+09:00  INFO 11272 --- [    Test worker] p6spy                                    : #1724035641858 | took 1ms | statement | connection 2| url jdbc:h2:mem:querydsl

    create sequence member_seq start with 1 increment by 50

    create sequence member_seq start with 1 increment by 50;
2024-08-19T11:47:21.858+09:00 DEBUG 11272 --- [    Test worker] org.hibernate.SQL                        : 
    create sequence team_seq start with 1 increment by 50
Hibernate: 
    create sequence team_seq start with 1 increment by 50
2024-08-19T11:47:21.858+09:00  INFO 11272 --- [    Test worker] p6spy                                    : #1724035641858 | took 0ms | statement | connection 2| url jdbc:h2:mem:querydsl

    create sequence team_seq start with 1 increment by 50

    create sequence team_seq start with 1 increment by 50;
2024-08-19T11:47:21.859+09:00 DEBUG 11272 --- [    Test worker] org.hibernate.SQL                        : 
    create table hello (
        id bigint generated by default as identity,
        primary key (id)
    )
Hibernate: 
    create table hello (
        id bigint generated by default as identity,
        primary key (id)
    )
2024-08-19T11:47:21.862+09:00  INFO 11272 --- [    Test worker] p6spy                                    : #1724035641862 | took 2ms | statement | connection 2| url jdbc:h2:mem:querydsl

    create table hello (
        id bigint generated by default as identity,
        primary key (id)
    )

    create table hello (
        id bigint generated by default as identity,
        primary key (id)
    );
2024-08-19T11:47:21.863+09:00 DEBUG 11272 --- [    Test worker] org.hibernate.SQL                        : 
    create table member (
        age integer not null,
        member_id bigint not null,
        team_id bigint,
        username varchar(255),
        primary key (member_id)
    )
Hibernate: 
    create table member (
        age integer not null,
        member_id bigint not null,
        team_id bigint,
        username varchar(255),
        primary key (member_id)
    )
2024-08-19T11:47:21.863+09:00  INFO 11272 --- [    Test worker] p6spy                                    : #1724035641863 | took 0ms | statement | connection 2| url jdbc:h2:mem:querydsl

    create table member (
        age integer not null,
        member_id bigint not null,
        team_id bigint,
        username varchar(255),
        primary key (member_id)
    )

    create table member (
        age integer not null,
        member_id bigint not null,
        team_id bigint,
        username varchar(255),
        primary key (member_id)
    );
2024-08-19T11:47:21.863+09:00 DEBUG 11272 --- [    Test worker] org.hibernate.SQL                        : 
    create table team (
        team_id bigint not null,
        name varchar(255),
        primary key (team_id)
    )
Hibernate: 
    create table team (
        team_id bigint not null,
        name varchar(255),
        primary key (team_id)
    )
2024-08-19T11:47:21.864+09:00  INFO 11272 --- [    Test worker] p6spy                                    : #1724035641864 | took 0ms | statement | connection 2| url jdbc:h2:mem:querydsl

    create table team (
        team_id bigint not null,
        name varchar(255),
        primary key (team_id)
    )

    create table team (
        team_id bigint not null,
        name varchar(255),
        primary key (team_id)
    );
2024-08-19T11:47:21.864+09:00 DEBUG 11272 --- [    Test worker] org.hibernate.SQL                        : 
    alter table if exists member 
       add constraint FKcjte2jn9pvo9ud2hyfgwcja0k 
       foreign key (team_id) 
       references team
Hibernate: 
    alter table if exists member 
       add constraint FKcjte2jn9pvo9ud2hyfgwcja0k 
       foreign key (team_id) 
       references team
2024-08-19T11:47:21.870+09:00  INFO 11272 --- [    Test worker] p6spy                                    : #1724035641870 | took 5ms | statement | connection 2| url jdbc:h2:mem:querydsl

    alter table if exists member 
       add constraint FKcjte2jn9pvo9ud2hyfgwcja0k 
       foreign key (team_id) 
       references team

    alter table if exists member 
       add constraint FKcjte2jn9pvo9ud2hyfgwcja0k 
       foreign key (team_id) 
       references team;
2024-08-19T11:47:21.871+09:00  INFO 11272 --- [    Test worker] j.LocalContainerEntityManagerFactoryBean : Initialized JPA EntityManagerFactory for persistence unit 'default'
2024-08-19T11:47:21.931+09:00  WARN 11272 --- [    Test worker] JpaBaseConfiguration$JpaWebConfiguration : spring.jpa.open-in-view is enabled by default. Therefore, database queries may be performed during view rendering. Explicitly configure spring.jpa.open-in-view to disable this warning
2024-08-19T11:47:22.073+09:00  INFO 11272 --- [    Test worker] o.s.b.a.h2.H2ConsoleAutoConfiguration    : H2 console available at '/h2-console'. Database available at 'jdbc:h2:mem:querydsl'
2024-08-19T11:47:22.096+09:00  INFO 11272 --- [    Test worker] c.s.query_dsl_study.QuerydslBasicTest    : Started QuerydslBasicTest in 1.433 seconds (process running for 1.86)
2024-08-19T11:47:22.364+09:00 DEBUG 11272 --- [    Test worker] org.hibernate.SQL                        : 
    select
        next value for team_seq
Hibernate: 
    select
        next value for team_seq
2024-08-19T11:47:22.371+09:00  INFO 11272 --- [    Test worker] p6spy                                    : #1724035642371 | took 3ms | statement | connection 4| url jdbc:h2:mem:querydsl
select next value for team_seq
select next value for team_seq;
2024-08-19T11:47:22.382+09:00 DEBUG 11272 --- [    Test worker] org.hibernate.SQL                        : 
    select
        next value for team_seq
Hibernate: 
    select
        next value for team_seq
2024-08-19T11:47:22.382+09:00  INFO 11272 --- [    Test worker] p6spy                                    : #1724035642382 | took 0ms | statement | connection 4| url jdbc:h2:mem:querydsl
select next value for team_seq
select next value for team_seq;
2024-08-19T11:47:22.383+09:00 DEBUG 11272 --- [    Test worker] org.hibernate.SQL                        : 
    select
        next value for member_seq
Hibernate: 
    select
        next value for member_seq
2024-08-19T11:47:22.383+09:00  INFO 11272 --- [    Test worker] p6spy                                    : #1724035642383 | took 0ms | statement | connection 4| url jdbc:h2:mem:querydsl
select next value for member_seq
select next value for member_seq;
2024-08-19T11:47:22.383+09:00 DEBUG 11272 --- [    Test worker] org.hibernate.SQL                        : 
    select
        next value for member_seq
Hibernate: 
    select
        next value for member_seq
2024-08-19T11:47:22.383+09:00  INFO 11272 --- [    Test worker] p6spy                                    : #1724035642383 | took 0ms | statement | connection 4| url jdbc:h2:mem:querydsl
select next value for member_seq
select next value for member_seq;
2024-08-19T11:47:22.557+09:00 DEBUG 11272 --- [    Test worker] org.hibernate.SQL                        : 
    /* insert for
        com.study.query_dsl_study.entity.Team */insert 
    into
        team (name, team_id) 
    values
        (?, ?)
Hibernate: 
    /* insert for
        com.study.query_dsl_study.entity.Team */insert 
    into
        team (name, team_id) 
    values
        (?, ?)
2024-08-19T11:47:22.559+09:00  INFO 11272 --- [    Test worker] p6spy                                    : #1724035642559 | took 0ms | statement | connection 4| url jdbc:h2:mem:querydsl
/* insert for com.study.query_dsl_study.entity.Team */insert into team (name,team_id) values (?,?)
/* insert for com.study.query_dsl_study.entity.Team */insert into team (name,team_id) values ('teamA',1);
2024-08-19T11:47:22.560+09:00 DEBUG 11272 --- [    Test worker] org.hibernate.SQL                        : 
    /* insert for
        com.study.query_dsl_study.entity.Team */insert 
    into
        team (name, team_id) 
    values
        (?, ?)
Hibernate: 
    /* insert for
        com.study.query_dsl_study.entity.Team */insert 
    into
        team (name, team_id) 
    values
        (?, ?)
2024-08-19T11:47:22.560+09:00  INFO 11272 --- [    Test worker] p6spy                                    : #1724035642560 | took 0ms | statement | connection 4| url jdbc:h2:mem:querydsl
/* insert for com.study.query_dsl_study.entity.Team */insert into team (name,team_id) values (?,?)
/* insert for com.study.query_dsl_study.entity.Team */insert into team (name,team_id) values ('teamB',2);
2024-08-19T11:47:22.560+09:00 DEBUG 11272 --- [    Test worker] org.hibernate.SQL                        : 
    /* insert for
        com.study.query_dsl_study.entity.Member */insert 
    into
        member (age, team_id, username, member_id) 
    values
        (?, ?, ?, ?)
Hibernate: 
    /* insert for
        com.study.query_dsl_study.entity.Member */insert 
    into
        member (age, team_id, username, member_id) 
    values
        (?, ?, ?, ?)
2024-08-19T11:47:22.561+09:00  INFO 11272 --- [    Test worker] p6spy                                    : #1724035642561 | took 0ms | statement | connection 4| url jdbc:h2:mem:querydsl
/* insert for com.study.query_dsl_study.entity.Member */insert into member (age,team_id,username,member_id) values (?,?,?,?)
/* insert for com.study.query_dsl_study.entity.Member */insert into member (age,team_id,username,member_id) values (10,1,'member1',1);
2024-08-19T11:47:22.561+09:00 DEBUG 11272 --- [    Test worker] org.hibernate.SQL                        : 
    /* insert for
        com.study.query_dsl_study.entity.Member */insert 
    into
        member (age, team_id, username, member_id) 
    values
        (?, ?, ?, ?)
Hibernate: 
    /* insert for
        com.study.query_dsl_study.entity.Member */insert 
    into
        member (age, team_id, username, member_id) 
    values
        (?, ?, ?, ?)
2024-08-19T11:47:22.561+09:00  INFO 11272 --- [    Test worker] p6spy                                    : #1724035642561 | took 0ms | statement | connection 4| url jdbc:h2:mem:querydsl
/* insert for com.study.query_dsl_study.entity.Member */insert into member (age,team_id,username,member_id) values (?,?,?,?)
/* insert for com.study.query_dsl_study.entity.Member */insert into member (age,team_id,username,member_id) values (20,1,'member2',2);
2024-08-19T11:47:22.561+09:00 DEBUG 11272 --- [    Test worker] org.hibernate.SQL                        : 
    /* insert for
        com.study.query_dsl_study.entity.Member */insert 
    into
        member (age, team_id, username, member_id) 
    values
        (?, ?, ?, ?)
Hibernate: 
    /* insert for
        com.study.query_dsl_study.entity.Member */insert 
    into
        member (age, team_id, username, member_id) 
    values
        (?, ?, ?, ?)
2024-08-19T11:47:22.562+09:00  INFO 11272 --- [    Test worker] p6spy                                    : #1724035642562 | took 0ms | statement | connection 4| url jdbc:h2:mem:querydsl
/* insert for com.study.query_dsl_study.entity.Member */insert into member (age,team_id,username,member_id) values (?,?,?,?)
/* insert for com.study.query_dsl_study.entity.Member */insert into member (age,team_id,username,member_id) values (30,2,'member3',3);
2024-08-19T11:47:22.562+09:00 DEBUG 11272 --- [    Test worker] org.hibernate.SQL                        : 
    /* insert for
        com.study.query_dsl_study.entity.Member */insert 
    into
        member (age, team_id, username, member_id) 
    values
        (?, ?, ?, ?)
Hibernate: 
    /* insert for
        com.study.query_dsl_study.entity.Member */insert 
    into
        member (age, team_id, username, member_id) 
    values
        (?, ?, ?, ?)
2024-08-19T11:47:22.562+09:00  INFO 11272 --- [    Test worker] p6spy                                    : #1724035642562 | took 0ms | statement | connection 4| url jdbc:h2:mem:querydsl
/* insert for com.study.query_dsl_study.entity.Member */insert into member (age,team_id,username,member_id) values (?,?,?,?)
/* insert for com.study.query_dsl_study.entity.Member */insert into member (age,team_id,username,member_id) values (40,2,'member4',4);
2024-08-19T11:47:22.573+09:00 DEBUG 11272 --- [    Test worker] org.hibernate.SQL                        : 
    /* select
        member1 
    from
        Member member1   
    inner join
        member1.team as team 
    where
        team.name = ?1 */ select
            m1_0.member_id,
            m1_0.age,
            m1_0.team_id,
            m1_0.username 
        from
            member m1_0 
        join
            team t1_0 
                on t1_0.team_id=m1_0.team_id 
        where
            t1_0.name=?
Hibernate: 
    /* select
        member1 
    from
        Member member1   
    inner join
        member1.team as team 
    where
        team.name = ?1 */ select
            m1_0.member_id,
            m1_0.age,
            m1_0.team_id,
            m1_0.username 
        from
            member m1_0 
        join
            team t1_0 
                on t1_0.team_id=m1_0.team_id 
        where
            t1_0.name=?
2024-08-19T11:47:22.575+09:00  INFO 11272 --- [    Test worker] p6spy                                    : #1724035642575 | took 0ms | statement | connection 4| url jdbc:h2:mem:querydsl
/* select member1
from Member member1
  inner join member1.team as team
where team.name = ?1 */ select m1_0.member_id,m1_0.age,m1_0.team_id,m1_0.username from member m1_0 join team t1_0 on t1_0.team_id=m1_0.team_id where t1_0.name=?
/* select member1
from Member member1
  inner join member1.team as team
where team.name = 'teamA'1 */ select m1_0.member_id,m1_0.age,m1_0.team_id,m1_0.username from member m1_0 join team t1_0 on t1_0.team_id=m1_0.team_id where t1_0.name=NULL;
2024-08-19T11:47:22.604+09:00  INFO 11272 --- [    Test worker] p6spy                                    : #1724035642604 | took 0ms | rollback | connection 4| url jdbc:h2:mem:querydsl

;
]]></system-out>
  <system-err><![CDATA[]]></system-err>
</testsuite>
